[    1707ms] [INFO] %cDownload the React DevTools for a better development experience: https://react.dev/link/react-devtools font-weight:bold @ webpack-internal:///(app-pages-browser)/../../node_modules/.pnpm/next@15.5.12_@opentelemetry+api@1.9.0_react-dom@19.2.4_react@19.2.4__react@19.2.4/node_modules/next/dist/compiled/react-dom/cjs/react-dom-client.development.js:25630
[  254190ms] [INFO] %cDownload the React DevTools for a better development experience: https://react.dev/link/react-devtools font-weight:bold @ webpack-internal:///(app-pages-browser)/../../node_modules/.pnpm/next@15.5.12_@opentelemetry+api@1.9.0_react-dom@19.2.4_react@19.2.4__react@19.2.4/node_modules/next/dist/compiled/react-dom/cjs/react-dom-client.development.js:25630
[  258141ms] [LOG] [Fast Refresh] rebuilding @ webpack-internal:///(app-pages-browser)/../../node_modules/.pnpm/next@15.5.12_@opentelemetry+api@1.9.0_react-dom@19.2.4_react@19.2.4__react@19.2.4/node_modules/next/dist/client/dev/hot-reloader/app/hot-reloader-app.js:196
[  258917ms] [LOG] [Fast Refresh] done in 776ms @ webpack-internal:///(app-pages-browser)/../../node_modules/.pnpm/next@15.5.12_@opentelemetry+api@1.9.0_react-dom@19.2.4_react@19.2.4__react@19.2.4/node_modules/next/dist/client/dev/report-hmr-latency.js:13
[  259048ms] [LOG] [Fast Refresh] rebuilding @ webpack-internal:///(app-pages-browser)/../../node_modules/.pnpm/next@15.5.12_@opentelemetry+api@1.9.0_react-dom@19.2.4_react@19.2.4__react@19.2.4/node_modules/next/dist/client/dev/hot-reloader/app/hot-reloader-app.js:196
[  260355ms] [LOG] [Fast Refresh] done in 1307ms @ webpack-internal:///(app-pages-browser)/../../node_modules/.pnpm/next@15.5.12_@opentelemetry+api@1.9.0_react-dom@19.2.4_react@19.2.4__react@19.2.4/node_modules/next/dist/client/dev/report-hmr-latency.js:13
[  260717ms] [ERROR] Failed to load resource: the server responded with a status of 503 (Service Unavailable) @ http://127.0.0.1:3010/api/workspace/objects/company:0
[  263915ms] [ERROR] Failed to load resource: the server responded with a status of 503 (Service Unavailable) @ http://127.0.0.1:3010/api/workspace/objects/people:0
[  269571ms] [LOG] [Fast Refresh] rebuilding @ webpack-internal:///(app-pages-browser)/../../node_modules/.pnpm/next@15.5.12_@opentelemetry+api@1.9.0_react-dom@19.2.4_react@19.2.4__react@19.2.4/node_modules/next/dist/client/dev/hot-reloader/app/hot-reloader-app.js:196
[  270166ms] [LOG] [Fast Refresh] done in 596ms @ webpack-internal:///(app-pages-browser)/../../node_modules/.pnpm/next@15.5.12_@opentelemetry+api@1.9.0_react-dom@19.2.4_react@19.2.4__react@19.2.4/node_modules/next/dist/client/dev/report-hmr-latency.js:13
[  270733ms] [WARNING] [tiptap warn]: Duplicate extension names found: ['link']. This can lead to issues. @ webpack-internal:///(app-pages-browser)/../../node_modules/.pnpm/@tiptap+core@3.19.0_@tiptap+pm@3.19.0/node_modules/@tiptap/core/dist/index.js:1790
[  273679ms] [WARNING] [tiptap warn]: Duplicate extension names found: ['link']. This can lead to issues. @ webpack-internal:///(app-pages-browser)/../../node_modules/.pnpm/@tiptap+core@3.19.0_@tiptap+pm@3.19.0/node_modules/@tiptap/core/dist/index.js:1790
[  276625ms] [WARNING] [tiptap warn]: Duplicate extension names found: ['link']. This can lead to issues. @ webpack-internal:///(app-pages-browser)/../../node_modules/.pnpm/@tiptap+core@3.19.0_@tiptap+pm@3.19.0/node_modules/@tiptap/core/dist/index.js:1790
[  277641ms] [WARNING] [tiptap warn]: Duplicate extension names found: ['link']. This can lead to issues. @ webpack-internal:///(app-pages-browser)/../../node_modules/.pnpm/@tiptap+core@3.19.0_@tiptap+pm@3.19.0/node_modules/@tiptap/core/dist/index.js:1790
[  280212ms] [WARNING] [tiptap warn]: Duplicate extension names found: ['link']. This can lead to issues. @ webpack-internal:///(app-pages-browser)/../../node_modules/.pnpm/@tiptap+core@3.19.0_@tiptap+pm@3.19.0/node_modules/@tiptap/core/dist/index.js:1790
[  280454ms] [WARNING] [tiptap warn]: Duplicate extension names found: ['link']. This can lead to issues. @ webpack-internal:///(app-pages-browser)/../../node_modules/.pnpm/@tiptap+core@3.19.0_@tiptap+pm@3.19.0/node_modules/@tiptap/core/dist/index.js:1790
[  280456ms] [WARNING] [tiptap warn]: Duplicate extension names found: ['link']. This can lead to issues. @ webpack-internal:///(app-pages-browser)/../../node_modules/.pnpm/@tiptap+core@3.19.0_@tiptap+pm@3.19.0/node_modules/@tiptap/core/dist/index.js:1790
[  299253ms] [WARNING] [tiptap warn]: Duplicate extension names found: ['link']. This can lead to issues. @ webpack-internal:///(app-pages-browser)/../../node_modules/.pnpm/@tiptap+core@3.19.0_@tiptap+pm@3.19.0/node_modules/@tiptap/core/dist/index.js:1790
[  320104ms] [WARNING] [tiptap warn]: Duplicate extension names found: ['link']. This can lead to issues. @ webpack-internal:///(app-pages-browser)/../../node_modules/.pnpm/@tiptap+core@3.19.0_@tiptap+pm@3.19.0/node_modules/@tiptap/core/dist/index.js:1790
[  326951ms] [WARNING] [tiptap warn]: Duplicate extension names found: ['link']. This can lead to issues. @ webpack-internal:///(app-pages-browser)/../../node_modules/.pnpm/@tiptap+core@3.19.0_@tiptap+pm@3.19.0/node_modules/@tiptap/core/dist/index.js:1790
[  329340ms] [LOG] [Fast Refresh] rebuilding @ webpack-internal:///(app-pages-browser)/../../node_modules/.pnpm/next@15.5.12_@opentelemetry+api@1.9.0_react-dom@19.2.4_react@19.2.4__react@19.2.4/node_modules/next/dist/client/dev/hot-reloader/app/hot-reloader-app.js:196
[  330276ms] [LOG] [Fast Refresh] done in 936ms @ webpack-internal:///(app-pages-browser)/../../node_modules/.pnpm/next@15.5.12_@opentelemetry+api@1.9.0_react-dom@19.2.4_react@19.2.4__react@19.2.4/node_modules/next/dist/client/dev/report-hmr-latency.js:13
[  332100ms] [WARNING] [tiptap warn]: Duplicate extension names found: ['link']. This can lead to issues. @ webpack-internal:///(app-pages-browser)/../../node_modules/.pnpm/@tiptap+core@3.19.0_@tiptap+pm@3.19.0/node_modules/@tiptap/core/dist/index.js:1790
[  335032ms] [LOG] [Fast Refresh] rebuilding @ webpack-internal:///(app-pages-browser)/../../node_modules/.pnpm/next@15.5.12_@opentelemetry+api@1.9.0_react-dom@19.2.4_react@19.2.4__react@19.2.4/node_modules/next/dist/client/dev/hot-reloader/app/hot-reloader-app.js:196
[  335560ms] [LOG] [Fast Refresh] done in 528ms @ webpack-internal:///(app-pages-browser)/../../node_modules/.pnpm/next@15.5.12_@opentelemetry+api@1.9.0_react-dom@19.2.4_react@19.2.4__react@19.2.4/node_modules/next/dist/client/dev/report-hmr-latency.js:13
[  335974ms] [LOG] [Fast Refresh] rebuilding @ webpack-internal:///(app-pages-browser)/../../node_modules/.pnpm/next@15.5.12_@opentelemetry+api@1.9.0_react-dom@19.2.4_react@19.2.4__react@19.2.4/node_modules/next/dist/client/dev/hot-reloader/app/hot-reloader-app.js:196
[  336361ms] [LOG] [Fast Refresh] done in 387ms @ webpack-internal:///(app-pages-browser)/../../node_modules/.pnpm/next@15.5.12_@opentelemetry+api@1.9.0_react-dom@19.2.4_react@19.2.4__react@19.2.4/node_modules/next/dist/client/dev/report-hmr-latency.js:13
[  336405ms] [LOG] [Fast Refresh] rebuilding @ webpack-internal:///(app-pages-browser)/../../node_modules/.pnpm/next@15.5.12_@opentelemetry+api@1.9.0_react-dom@19.2.4_react@19.2.4__react@19.2.4/node_modules/next/dist/client/dev/hot-reloader/app/hot-reloader-app.js:196
[  337143ms] [LOG] [Fast Refresh] done in 738ms @ webpack-internal:///(app-pages-browser)/../../node_modules/.pnpm/next@15.5.12_@opentelemetry+api@1.9.0_react-dom@19.2.4_react@19.2.4__react@19.2.4/node_modules/next/dist/client/dev/report-hmr-latency.js:13
[  338528ms] [LOG] [Fast Refresh] rebuilding @ webpack-internal:///(app-pages-browser)/../../node_modules/.pnpm/next@15.5.12_@opentelemetry+api@1.9.0_react-dom@19.2.4_react@19.2.4__react@19.2.4/node_modules/next/dist/client/dev/hot-reloader/app/hot-reloader-app.js:196
[  339066ms] [LOG] [Fast Refresh] done in 538ms @ webpack-internal:///(app-pages-browser)/../../node_modules/.pnpm/next@15.5.12_@opentelemetry+api@1.9.0_react-dom@19.2.4_react@19.2.4__react@19.2.4/node_modules/next/dist/client/dev/report-hmr-latency.js:13
[  341987ms] [ERROR] Access to image at 'https://logos.composio.dev/api/notion' from origin 'http://127.0.0.1:3010' has been blocked by CORS policy: No 'Access-Control-Allow-Origin' header is present on the requested resource. @ http://127.0.0.1:3010/?path=%7Eintegrations:0
[  341987ms] [ERROR] Failed to load resource: net::ERR_FAILED @ https://logos.composio.dev/api/notion:0
[  342447ms] [ERROR] Access to image at 'https://logos.composio.dev/api/notion' from origin 'http://127.0.0.1:3010' has been blocked by CORS policy: No 'Access-Control-Allow-Origin' header is present on the requested resource. @ http://127.0.0.1:3010/?path=%7Eintegrations:0
[  342447ms] [ERROR] Failed to load resource: net::ERR_FAILED @ https://logos.composio.dev/api/notion:0
[  349510ms] [LOG] [Fast Refresh] rebuilding @ webpack-internal:///(app-pages-browser)/../../node_modules/.pnpm/next@15.5.12_@opentelemetry+api@1.9.0_react-dom@19.2.4_react@19.2.4__react@19.2.4/node_modules/next/dist/client/dev/hot-reloader/app/hot-reloader-app.js:196
[  350075ms] [LOG] [Fast Refresh] done in 565ms @ webpack-internal:///(app-pages-browser)/../../node_modules/.pnpm/next@15.5.12_@opentelemetry+api@1.9.0_react-dom@19.2.4_react@19.2.4__react@19.2.4/node_modules/next/dist/client/dev/report-hmr-latency.js:13
[  353125ms] [ERROR] Cross-Origin-Opener-Policy policy would block the window.closed call. @ webpack-internal:///(app-pages-browser)/./app/components/integrations/composio-connect-modal.tsx:218
[  353125ms] [ERROR] Cross-Origin-Opener-Policy policy would block the window.closed call. @ webpack-internal:///(app-pages-browser)/./app/components/integrations/composio-connect-modal.tsx:218
[  360125ms] [ERROR] Cross-Origin-Opener-Policy policy would block the window.closed call. @ webpack-internal:///(app-pages-browser)/./app/components/integrations/composio-connect-modal.tsx:218
[  360125ms] [ERROR] Cross-Origin-Opener-Policy policy would block the window.closed call. @ webpack-internal:///(app-pages-browser)/./app/components/integrations/composio-connect-modal.tsx:218
[  362126ms] [ERROR] Cross-Origin-Opener-Policy policy would block the window.closed call. @ webpack-internal:///(app-pages-browser)/./app/components/integrations/composio-connect-modal.tsx:218
[  362126ms] [ERROR] Cross-Origin-Opener-Policy policy would block the window.closed call. @ webpack-internal:///(app-pages-browser)/./app/components/integrations/composio-connect-modal.tsx:218
[  368125ms] [ERROR] Cross-Origin-Opener-Policy policy would block the window.closed call. @ webpack-internal:///(app-pages-browser)/./app/components/integrations/composio-connect-modal.tsx:218
[  368125ms] [ERROR] Cross-Origin-Opener-Policy policy would block the window.closed call. @ webpack-internal:///(app-pages-browser)/./app/components/integrations/composio-connect-modal.tsx:218
[  390713ms] [LOG] [Fast Refresh] rebuilding @ webpack-internal:///(app-pages-browser)/../../node_modules/.pnpm/next@15.5.12_@opentelemetry+api@1.9.0_react-dom@19.2.4_react@19.2.4__react@19.2.4/node_modules/next/dist/client/dev/hot-reloader/app/hot-reloader-app.js:196
[  391424ms] [LOG] [Fast Refresh] done in 711ms @ webpack-internal:///(app-pages-browser)/../../node_modules/.pnpm/next@15.5.12_@opentelemetry+api@1.9.0_react-dom@19.2.4_react@19.2.4__react@19.2.4/node_modules/next/dist/client/dev/report-hmr-latency.js:13
[ 3449696ms] [LOG] [Fast Refresh] rebuilding @ webpack-internal:///(app-pages-browser)/../../node_modules/.pnpm/next@15.5.12_@opentelemetry+api@1.9.0_react-dom@19.2.4_react@19.2.4__react@19.2.4/node_modules/next/dist/client/dev/hot-reloader/app/hot-reloader-app.js:196
[ 3455593ms] [ERROR] Failed to load resource: the server responded with a status of 500 (Internal Server Error) @ http://127.0.0.1:3010/api/workspace/thumbnail?path=skills%2Fcomposio-apps&size=200:0
[ 3455619ms] [LOG] [Fast Refresh] done in 5923ms @ webpack-internal:///(app-pages-browser)/../../node_modules/.pnpm/next@15.5.12_@opentelemetry+api@1.9.0_react-dom@19.2.4_react@19.2.4__react@19.2.4/node_modules/next/dist/client/dev/report-hmr-latency.js:13
[ 3538285ms] [LOG] [Fast Refresh] rebuilding @ webpack-internal:///(app-pages-browser)/../../node_modules/.pnpm/next@15.5.12_@opentelemetry+api@1.9.0_react-dom@19.2.4_react@19.2.4__react@19.2.4/node_modules/next/dist/client/dev/hot-reloader/app/hot-reloader-app.js:196
[ 3539047ms] [LOG] [Fast Refresh] done in 761ms @ webpack-internal:///(app-pages-browser)/../../node_modules/.pnpm/next@15.5.12_@opentelemetry+api@1.9.0_react-dom@19.2.4_react@19.2.4__react@19.2.4/node_modules/next/dist/client/dev/report-hmr-latency.js:13
[ 3546814ms] [LOG] [Fast Refresh] rebuilding @ webpack-internal:///(app-pages-browser)/../../node_modules/.pnpm/next@15.5.12_@opentelemetry+api@1.9.0_react-dom@19.2.4_react@19.2.4__react@19.2.4/node_modules/next/dist/client/dev/hot-reloader/app/hot-reloader-app.js:196
[ 3547279ms] [LOG] [Fast Refresh] done in 465ms @ webpack-internal:///(app-pages-browser)/../../node_modules/.pnpm/next@15.5.12_@opentelemetry+api@1.9.0_react-dom@19.2.4_react@19.2.4__react@19.2.4/node_modules/next/dist/client/dev/report-hmr-latency.js:13
