[    4143ms] [INFO] %cDownload the React DevTools for a better development experience: https://react.dev/link/react-devtools font-weight:bold @ webpack-internal:///(app-pages-browser)/../../node_modules/.pnpm/next@15.5.12_@opentelemetry+api@1.9.0_react-dom@19.2.4_react@19.2.4__react@19.2.4/node_modules/next/dist/compiled/react-dom/cjs/react-dom-client.development.js:25630
[    6432ms] [LOG] [Fast Refresh] rebuilding @ webpack-internal:///(app-pages-browser)/../../node_modules/.pnpm/next@15.5.12_@opentelemetry+api@1.9.0_react-dom@19.2.4_react@19.2.4__react@19.2.4/node_modules/next/dist/client/dev/hot-reloader/app/hot-reloader-app.js:196
[    6731ms] [LOG] [Fast Refresh] done in 300ms @ webpack-internal:///(app-pages-browser)/../../node_modules/.pnpm/next@15.5.12_@opentelemetry+api@1.9.0_react-dom@19.2.4_react@19.2.4__react@19.2.4/node_modules/next/dist/client/dev/report-hmr-latency.js:13
[  314075ms] [LOG] [Fast Refresh] rebuilding @ webpack-internal:///(app-pages-browser)/../../node_modules/.pnpm/next@15.5.12_@opentelemetry+api@1.9.0_react-dom@19.2.4_react@19.2.4__react@19.2.4/node_modules/next/dist/client/dev/hot-reloader/app/hot-reloader-app.js:196
[  326289ms] [LOG] [Fast Refresh] done in 12214ms @ webpack-internal:///(app-pages-browser)/../../node_modules/.pnpm/next@15.5.12_@opentelemetry+api@1.9.0_react-dom@19.2.4_react@19.2.4__react@19.2.4/node_modules/next/dist/client/dev/report-hmr-latency.js:13
[  334876ms] [LOG] [Fast Refresh] rebuilding @ webpack-internal:///(app-pages-browser)/../../node_modules/.pnpm/next@15.5.12_@opentelemetry+api@1.9.0_react-dom@19.2.4_react@19.2.4__react@19.2.4/node_modules/next/dist/client/dev/hot-reloader/app/hot-reloader-app.js:196
[  337510ms] [LOG] [Fast Refresh] rebuilding @ webpack-internal:///(app-pages-browser)/../../node_modules/.pnpm/next@15.5.12_@opentelemetry+api@1.9.0_react-dom@19.2.4_react@19.2.4__react@19.2.4/node_modules/next/dist/client/dev/hot-reloader/app/hot-reloader-app.js:196
[  337978ms] [LOG] [Fast Refresh] done in 467ms @ webpack-internal:///(app-pages-browser)/../../node_modules/.pnpm/next@15.5.12_@opentelemetry+api@1.9.0_react-dom@19.2.4_react@19.2.4__react@19.2.4/node_modules/next/dist/client/dev/report-hmr-latency.js:13
[  338095ms] [LOG] [Fast Refresh] rebuilding @ webpack-internal:///(app-pages-browser)/../../node_modules/.pnpm/next@15.5.12_@opentelemetry+api@1.9.0_react-dom@19.2.4_react@19.2.4__react@19.2.4/node_modules/next/dist/client/dev/hot-reloader/app/hot-reloader-app.js:196
[  338525ms] [LOG] [Fast Refresh] done in 431ms @ webpack-internal:///(app-pages-browser)/../../node_modules/.pnpm/next@15.5.12_@opentelemetry+api@1.9.0_react-dom@19.2.4_react@19.2.4__react@19.2.4/node_modules/next/dist/client/dev/report-hmr-latency.js:13
[  339386ms] [LOG] [Fast Refresh] rebuilding @ webpack-internal:///(app-pages-browser)/../../node_modules/.pnpm/next@15.5.12_@opentelemetry+api@1.9.0_react-dom@19.2.4_react@19.2.4__react@19.2.4/node_modules/next/dist/client/dev/hot-reloader/app/hot-reloader-app.js:196
[  339929ms] [LOG] [Fast Refresh] done in 543ms @ webpack-internal:///(app-pages-browser)/../../node_modules/.pnpm/next@15.5.12_@opentelemetry+api@1.9.0_react-dom@19.2.4_react@19.2.4__react@19.2.4/node_modules/next/dist/client/dev/report-hmr-latency.js:13
[  340054ms] [LOG] [Fast Refresh] rebuilding @ webpack-internal:///(app-pages-browser)/../../node_modules/.pnpm/next@15.5.12_@opentelemetry+api@1.9.0_react-dom@19.2.4_react@19.2.4__react@19.2.4/node_modules/next/dist/client/dev/hot-reloader/app/hot-reloader-app.js:196
[  341078ms] [LOG] [Fast Refresh] done in 1023ms @ webpack-internal:///(app-pages-browser)/../../node_modules/.pnpm/next@15.5.12_@opentelemetry+api@1.9.0_react-dom@19.2.4_react@19.2.4__react@19.2.4/node_modules/next/dist/client/dev/report-hmr-latency.js:13
[  341652ms] [VERBOSE] [DOM] Password field is not contained in a form: (More info: https://goo.gl/9p2vKq) %o @ http://localhost:3100/?path=~integrations:0
[  341655ms] [LOG] [Fast Refresh] done in 1601ms @ webpack-internal:///(app-pages-browser)/../../node_modules/.pnpm/next@15.5.12_@opentelemetry+api@1.9.0_react-dom@19.2.4_react@19.2.4__react@19.2.4/node_modules/next/dist/client/dev/report-hmr-latency.js:13
[  342667ms] [LOG] [Fast Refresh] rebuilding @ webpack-internal:///(app-pages-browser)/../../node_modules/.pnpm/next@15.5.12_@opentelemetry+api@1.9.0_react-dom@19.2.4_react@19.2.4__react@19.2.4/node_modules/next/dist/client/dev/hot-reloader/app/hot-reloader-app.js:196
[  343150ms] [LOG] [Fast Refresh] done in 484ms @ webpack-internal:///(app-pages-browser)/../../node_modules/.pnpm/next@15.5.12_@opentelemetry+api@1.9.0_react-dom@19.2.4_react@19.2.4__react@19.2.4/node_modules/next/dist/client/dev/report-hmr-latency.js:13
[  343669ms] [ERROR] Failed to load resource: the server responded with a status of 404 (Not Found) @ http://localhost:3100/api/chat/stream?sessionId=8c924be1-3dae-4b04-83d0-c156c33c4c4f:0
[  416949ms] [LOG] [Fast Refresh] rebuilding @ webpack-internal:///(app-pages-browser)/../../node_modules/.pnpm/next@15.5.12_@opentelemetry+api@1.9.0_react-dom@19.2.4_react@19.2.4__react@19.2.4/node_modules/next/dist/client/dev/hot-reloader/app/hot-reloader-app.js:196
[  417581ms] [LOG] [Fast Refresh] done in 631ms @ webpack-internal:///(app-pages-browser)/../../node_modules/.pnpm/next@15.5.12_@opentelemetry+api@1.9.0_react-dom@19.2.4_react@19.2.4__react@19.2.4/node_modules/next/dist/client/dev/report-hmr-latency.js:13
[  441640ms] [LOG] [Fast Refresh] rebuilding @ webpack-internal:///(app-pages-browser)/../../node_modules/.pnpm/next@15.5.12_@opentelemetry+api@1.9.0_react-dom@19.2.4_react@19.2.4__react@19.2.4/node_modules/next/dist/client/dev/hot-reloader/app/hot-reloader-app.js:196
[  442317ms] [LOG] [Fast Refresh] rebuilding @ webpack-internal:///(app-pages-browser)/../../node_modules/.pnpm/next@15.5.12_@opentelemetry+api@1.9.0_react-dom@19.2.4_react@19.2.4__react@19.2.4/node_modules/next/dist/client/dev/hot-reloader/app/hot-reloader-app.js:196
[  442706ms] [LOG] [Fast Refresh] done in 389ms @ webpack-internal:///(app-pages-browser)/../../node_modules/.pnpm/next@15.5.12_@opentelemetry+api@1.9.0_react-dom@19.2.4_react@19.2.4__react@19.2.4/node_modules/next/dist/client/dev/report-hmr-latency.js:13
[  443860ms] [ERROR] Failed to load resource: the server responded with a status of 502 (Bad Gateway) @ http://localhost:3100/api/composio/connections?include_toolkits=1:0
[  443877ms] [ERROR] Failed to load resource: the server responded with a status of 502 (Bad Gateway) @ http://localhost:3100/api/composio/toolkits?limit=24:0
[  444043ms] [LOG] [Fast Refresh] rebuilding @ webpack-internal:///(app-pages-browser)/../../node_modules/.pnpm/next@15.5.12_@opentelemetry+api@1.9.0_react-dom@19.2.4_react@19.2.4__react@19.2.4/node_modules/next/dist/client/dev/hot-reloader/app/hot-reloader-app.js:196
[  444584ms] [LOG] [Fast Refresh] done in 541ms @ webpack-internal:///(app-pages-browser)/../../node_modules/.pnpm/next@15.5.12_@opentelemetry+api@1.9.0_react-dom@19.2.4_react@19.2.4__react@19.2.4/node_modules/next/dist/client/dev/report-hmr-latency.js:13
[  445011ms] [ERROR] Failed to load resource: the server responded with a status of 502 (Bad Gateway) @ http://localhost:3100/api/composio/toolkits?limit=24:0
[  445051ms] [LOG] [Fast Refresh] done in 1008ms @ webpack-internal:///(app-pages-browser)/../../node_modules/.pnpm/next@15.5.12_@opentelemetry+api@1.9.0_react-dom@19.2.4_react@19.2.4__react@19.2.4/node_modules/next/dist/client/dev/report-hmr-latency.js:13
[  445195ms] [ERROR] Failed to load resource: the server responded with a status of 502 (Bad Gateway) @ http://localhost:3100/api/composio/toolkits?limit=24:0
[  445358ms] [ERROR] Failed to load resource: the server responded with a status of 502 (Bad Gateway) @ http://localhost:3100/api/composio/toolkits?limit=24:0
